{
  "RSpec": {
    "coverage": {
      "/Users/gianlucaansaldi/Makers/Course/projects/MakersBnb/app.rb": {
        "lines": [
          1,
          1,
          1,
          null,
          1,
          1,
          0,
          null,
          null,
          1,
          0,
          null,
          null,
          1,
          1,
          null,
          null,
          1,
          1,
          1,
          null,
          null,
          1,
          3,
          3,
          null,
          null,
          1,
          null
        ]
      },
      "/Users/gianlucaansaldi/Makers/Course/projects/MakersBnb/lib/spaces.rb": {
        "lines": [
          1,
          null,
          1,
          1,
          null,
          null,
          1,
          6,
          6,
          6,
          null,
          null,
          null,
          1,
          4,
          4,
          null,
          0,
          null,
          4,
          4,
          3,
          null,
          null,
          null,
          1,
          3,
          3,
          null,
          0,
          null,
          3,
          null,
          3,
          null,
          null,
          null,
          null,
          null,
          null,
          null,
          null
        ]
      },
      "/Users/gianlucaansaldi/Makers/Course/projects/MakersBnb/spec/features/add_space_spec.rb": {
        "lines": [
          1,
          1,
          1,
          1,
          null,
          1,
          1,
          1,
          1,
          1,
          1,
          1,
          null,
          null,
          null
        ]
      },
      "/Users/gianlucaansaldi/Makers/Course/projects/MakersBnb/spec/features/viewing_spaces_spec.rb": {
        "lines": [
          1,
          1,
          1,
          1,
          1,
          1,
          1,
          1,
          null,
          null
        ]
      },
      "/Users/gianlucaansaldi/Makers/Course/projects/MakersBnb/spec/listings_spec.rb": {
        "lines": [
          1,
          null,
          1,
          1,
          1,
          1,
          null,
          1,
          1,
          1,
          1,
          null,
          null,
          null,
          null,
          null
        ]
      },
      "/Users/gianlucaansaldi/Makers/Course/projects/MakersBnb/spec/spaces_spec.rb": {
        "lines": [
          1,
          null,
          1,
          1,
          1,
          1,
          1,
          null,
          1,
          1,
          1,
          1,
          null,
          null,
          null,
          1,
          1,
          1,
          1,
          null,
          null,
          1,
          1,
          1,
          1,
          1,
          null,
          null,
          null
        ]
      }
    },
    "timestamp": 1632234656
  }
}
